<?xml version="1.0" encoding="UTF-8"?>
<!-- Generated by org.testng.reporters.JUnitXMLReporter -->
<testsuite hostname="HOMESERVER9900" ignored="0" name="Default test" tests="5" failures="0" timestamp="2020-05-03T15:42:44 CDT" time="5.593" errors="0">
  <testcase name="validateStatusCode" time="3.628" classname="RestAssuredAPI.InfyAssignment.question9_getMethodValidation"/>
  <testcase name="logResponseBody" time="0.284" classname="RestAssuredAPI.InfyAssignment.question9_getMethodValidation"/>
  <testcase name="validateFirstName" time="1.281" classname="RestAssuredAPI.InfyAssignment.question9_getMethodValidation"/>
  <testcase name="validateHasStatusCode_Weekly" time="0.173" classname="RestAssuredAPI.InfyAssignment.question9_getMethodValidation"/>
  <testcase name="validateHeader" time="0.142" classname="RestAssuredAPI.InfyAssignment.question9_getMethodValidation"/>
</testsuite> <!-- Default test -->
